Determining if the pthread_create exist failed with the following output:
Change Dir: /home/ubuntu/Documents/race/CMakeFiles/CMakeTmp

Run Build Command:/usr/bin/make "cmTryCompileExec692472610/fast"
/usr/bin/make -f CMakeFiles/cmTryCompileExec692472610.dir/build.make CMakeFiles/cmTryCompileExec692472610.dir/build
make[1]: Entering directory `/home/ubuntu/Documents/race/CMakeFiles/CMakeTmp'
/usr/bin/cmake -E cmake_progress_report /home/ubuntu/Documents/race/CMakeFiles/CMakeTmp/CMakeFiles 1
Building C object CMakeFiles/cmTryCompileExec692472610.dir/CheckSymbolExists.c.o
/usr/bin/cc    -o CMakeFiles/cmTryCompileExec692472610.dir/CheckSymbolExists.c.o   -c /home/ubuntu/Documents/race/CMakeFiles/CMakeTmp/CheckSymbolExists.c
Linking C executable cmTryCompileExec692472610
/usr/bin/cmake -E cmake_link_script CMakeFiles/cmTryCompileExec692472610.dir/link.txt --verbose=1
/usr/bin/cc       CMakeFiles/cmTryCompileExec692472610.dir/CheckSymbolExists.c.o  -o cmTryCompileExec692472610 -rdynamic 
CMakeFiles/cmTryCompileExec692472610.dir/CheckSymbolExists.c.o: In function `main':
CheckSymbolExists.c:(.text+0xe): undefined reference to `pthread_create'
CheckSymbolExists.c:(.text+0x12): undefined reference to `pthread_create'
make[1]: Leaving directory `/home/ubuntu/Documents/race/CMakeFiles/CMakeTmp'
collect2: error: ld returned 1 exit status
make[1]: *** [cmTryCompileExec692472610] Error 1
make: *** [cmTryCompileExec692472610/fast] Error 2

File /home/ubuntu/Documents/race/CMakeFiles/CMakeTmp/CheckSymbolExists.c:
/* */
#include <pthread.h>

int main(int argc, char** argv)
{
  (void)argv;
#ifndef pthread_create
  return ((int*)(&pthread_create))[argc];
#else
  (void)argc;
  return 0;
#endif
}

Determining if the function pthread_create exists in the pthreads failed with the following output:
Change Dir: /home/ubuntu/Documents/race/CMakeFiles/CMakeTmp

Run Build Command:/usr/bin/make "cmTryCompileExec1441342987/fast"
/usr/bin/make -f CMakeFiles/cmTryCompileExec1441342987.dir/build.make CMakeFiles/cmTryCompileExec1441342987.dir/build
make[1]: Entering directory `/home/ubuntu/Documents/race/CMakeFiles/CMakeTmp'
make[1]: Warning: File `/usr/share/cmake-2.8/Modules/CheckFunctionExists.c' has modification time 1.4e+09 s in the future
/usr/bin/cmake -E cmake_progress_report /home/ubuntu/Documents/race/CMakeFiles/CMakeTmp/CMakeFiles 1
Building C object CMakeFiles/cmTryCompileExec1441342987.dir/CheckFunctionExists.c.o
/usr/bin/cc   -DCHECK_FUNCTION_EXISTS=pthread_create   -o CMakeFiles/cmTryCompileExec1441342987.dir/CheckFunctionExists.c.o   -c /usr/share/cmake-2.8/Modules/CheckFunctionExists.c
Linking C executable cmTryCompileExec1441342987
/usr/bin/cmake -E cmake_link_script CMakeFiles/cmTryCompileExec1441342987.dir/link.txt --verbose=1
/usr/bin/cc   -DCHECK_FUNCTION_EXISTS=pthread_create    CMakeFiles/cmTryCompileExec1441342987.dir/CheckFunctionExists.c.o  -o cmTryCompileExec1441342987 -rdynamic -lpthreads 
/usr/bin/ld: cannot find -lpthreads
make[1]: Leaving directory `/home/ubuntu/Documents/race/CMakeFiles/CMakeTmp'
collect2: error: ld returned 1 exit status
make[1]: *** [cmTryCompileExec1441342987] Error 1
make: *** [cmTryCompileExec1441342987/fast] Error 2


Determining if the pthread_create exist failed with the following output:
Change Dir: /home/ubuntu/race/CMakeFiles/CMakeTmp

Run Build Command:/usr/bin/make "cmTryCompileExec1262475195/fast"
/usr/bin/make -f CMakeFiles/cmTryCompileExec1262475195.dir/build.make CMakeFiles/cmTryCompileExec1262475195.dir/build
make[1]: Entering directory `/home/ubuntu/race/CMakeFiles/CMakeTmp'
/usr/bin/cmake -E cmake_progress_report /home/ubuntu/race/CMakeFiles/CMakeTmp/CMakeFiles 1
Building C object CMakeFiles/cmTryCompileExec1262475195.dir/CheckSymbolExists.c.o
/usr/bin/cc    -o CMakeFiles/cmTryCompileExec1262475195.dir/CheckSymbolExists.c.o   -c /home/ubuntu/race/CMakeFiles/CMakeTmp/CheckSymbolExists.c
Linking C executable cmTryCompileExec1262475195
/usr/bin/cmake -E cmake_link_script CMakeFiles/cmTryCompileExec1262475195.dir/link.txt --verbose=1
/usr/bin/cc       CMakeFiles/cmTryCompileExec1262475195.dir/CheckSymbolExists.c.o  -o cmTryCompileExec1262475195 -rdynamic 
CMakeFiles/cmTryCompileExec1262475195.dir/CheckSymbolExists.c.o: In function `main':
CheckSymbolExists.c:(.text+0xe): undefined reference to `pthread_create'
CheckSymbolExists.c:(.text+0x12): undefined reference to `pthread_create'
make[1]: Leaving directory `/home/ubuntu/race/CMakeFiles/CMakeTmp'
collect2: error: ld returned 1 exit status
make[1]: *** [cmTryCompileExec1262475195] Error 1
make: *** [cmTryCompileExec1262475195/fast] Error 2

File /home/ubuntu/race/CMakeFiles/CMakeTmp/CheckSymbolExists.c:
/* */
#include <pthread.h>

int main(int argc, char** argv)
{
  (void)argv;
#ifndef pthread_create
  return ((int*)(&pthread_create))[argc];
#else
  (void)argc;
  return 0;
#endif
}

Determining if the function pthread_create exists in the pthreads failed with the following output:
Change Dir: /home/ubuntu/race/CMakeFiles/CMakeTmp

Run Build Command:/usr/bin/make "cmTryCompileExec1526961970/fast"
/usr/bin/make -f CMakeFiles/cmTryCompileExec1526961970.dir/build.make CMakeFiles/cmTryCompileExec1526961970.dir/build
make[1]: Entering directory `/home/ubuntu/race/CMakeFiles/CMakeTmp'
make[1]: Warning: File `/usr/share/cmake-2.8/Modules/CheckFunctionExists.c' has modification time 1.4e+09 s in the future
/usr/bin/cmake -E cmake_progress_report /home/ubuntu/race/CMakeFiles/CMakeTmp/CMakeFiles 1
Building C object CMakeFiles/cmTryCompileExec1526961970.dir/CheckFunctionExists.c.o
/usr/bin/cc   -DCHECK_FUNCTION_EXISTS=pthread_create   -o CMakeFiles/cmTryCompileExec1526961970.dir/CheckFunctionExists.c.o   -c /usr/share/cmake-2.8/Modules/CheckFunctionExists.c
Linking C executable cmTryCompileExec1526961970
/usr/bin/cmake -E cmake_link_script CMakeFiles/cmTryCompileExec1526961970.dir/link.txt --verbose=1
/usr/bin/cc   -DCHECK_FUNCTION_EXISTS=pthread_create    CMakeFiles/cmTryCompileExec1526961970.dir/CheckFunctionExists.c.o  -o cmTryCompileExec1526961970 -rdynamic -lpthreads 
/usr/bin/ld: cannot find -lpthreads
make[1]: Leaving directory `/home/ubuntu/race/CMakeFiles/CMakeTmp'
collect2: error: ld returned 1 exit status
make[1]: *** [cmTryCompileExec1526961970] Error 1
make: *** [cmTryCompileExec1526961970/fast] Error 2


